<?xml version="1.0" encoding="UTF-8"?>
<testng-results ignored="0" total="2" passed="2" failed="0" skipped="0">
  <reporter-output>
  </reporter-output>
  <suite started-at="2022-10-12T10:59:51 IST" name="Suite1" finished-at="2022-10-12T10:59:51 IST" duration-ms="93">
    <groups>
    </groups>
    <test started-at="2022-10-12T10:59:51 IST" name="Test1" finished-at="2022-10-12T10:59:51 IST" duration-ms="93">
      <class name="Test2">
        <test-method signature="TestCase_1()[pri:0, instance:Test2@5fbdfdcf]" started-at="2022-10-12T10:59:51 IST" name="TestCase_1" finished-at="2022-10-12T10:59:51 IST" duration-ms="16" status="PASS">
          <reporter-output>
          </reporter-output>
        </test-method> <!-- TestCase_1 -->
        <test-method signature="TestCase_2()[pri:0, instance:Test2@5fbdfdcf]" started-at="2022-10-12T10:59:51 IST" name="TestCase_2" finished-at="2022-10-12T10:59:51 IST" duration-ms="2" status="PASS">
          <reporter-output>
          </reporter-output>
        </test-method> <!-- TestCase_2 -->
      </class> <!-- Test2 -->
    </test> <!-- Test1 -->
  </suite> <!-- Suite1 -->
</testng-results>
